-- The C compiler identification is GNU 13.3.0
-- The CXX compiler identification is GNU 13.3.0
-- Detecting C compiler ABI info
-- Detecting C compiler ABI info - done
-- Check for working C compiler: /usr/bin/cc - skipped
-- Detecting C compile features
-- Detecting C compile features - done
-- Detecting CXX compiler ABI info
-- Detecting CXX compiler ABI info - done
-- Check for working CXX compiler: /usr/bin/c++ - skipped
-- Detecting CXX compile features
-- Detecting CXX compile features - done
-- Found ament_cmake: 2.5.4 (/opt/ros/jazzy/share/ament_cmake/cmake)
-- Found Python3: /usr/bin/python3 (found version "3.12.3") found components: Interpreter 
-- Override CMake install command with custom implementation using symlinks instead of copying resources
-- Found urdf: 2.10.0 (/opt/ros/jazzy/share/urdf/cmake)
-- Found TinyXML2 via Config file: /usr/lib/x86_64-linux-gnu/cmake/tinyxml2
-- Found xacro: 2.1.1 (/opt/ros/jazzy/share/xacro/cmake)
-- Found ament_lint_auto: 0.17.3 (/opt/ros/jazzy/share/ament_lint_auto/cmake)
-- Added test 'flake8' to check Python code syntax and style conventions
-- Configured 'flake8' exclude dirs and/or files: 
-- Added test 'lint_cmake' to check CMake code style
-- Added test 'pep257' to check Python code against some of the docstring style conventions in PEP 257
-- Added test 'xmllint' to check XML markup files
-- Configuring done (2.1s)
-- Generating done (0.0s)
-- Build files have been written to: /home/robo/robo/ya_robot_manipulator/ros2_ws/build/manipulator_description
-- Install configuration: ""
-- Execute custom install script
-- Symlinking: /home/robo/robo/ya_robot_manipulator/ros2_ws/install/manipulator_description/share/manipulator_description/urdf/box_placement_frames.urdf.xacro
-- Symlinking: /home/robo/robo/ya_robot_manipulator/ros2_ws/install/manipulator_description/share/manipulator_description/urdf/cabinet.urdf.xacro
-- Symlinking: /home/robo/robo/ya_robot_manipulator/ros2_ws/install/manipulator_description/share/manipulator_description/urdf/cabinet_row.urdf.xacro
-- Symlinking: /home/robo/robo/ya_robot_manipulator/ros2_ws/install/manipulator_description/share/manipulator_description/urdf/materials.xacro
-- Symlinking: /home/robo/robo/ya_robot_manipulator/ros2_ws/install/manipulator_description/share/manipulator_description/urdf/robot.urdf.xacro
-- Symlinking: /home/robo/robo/ya_robot_manipulator/ros2_ws/install/manipulator_description/share/manipulator_description/urdf/storage_system.urdf.xacro
-- Symlinking: /home/robo/robo/ya_robot_manipulator/ros2_ws/install/manipulator_description/share/manipulator_description/config/storage_params.yaml
-- Symlinking: /home/robo/robo/ya_robot_manipulator/ros2_ws/install/manipulator_description/share/manipulator_description/launch/display.launch.py
-- Symlinking: /home/robo/robo/ya_robot_manipulator/ros2_ws/install/manipulator_description/share/manipulator_description/rviz/view_robot.rviz
-- Symlinking: /home/robo/robo/ya_robot_manipulator/ros2_ws/install/manipulator_description/share/ament_index/resource_index/package_run_dependencies/manipulator_description
-- Symlinking: /home/robo/robo/ya_robot_manipulator/ros2_ws/install/manipulator_description/share/ament_index/resource_index/parent_prefix_path/manipulator_description
-- Symlinking: /home/robo/robo/ya_robot_manipulator/ros2_ws/install/manipulator_description/share/manipulator_description/environment/ament_prefix_path.sh
-- Symlinking: /home/robo/robo/ya_robot_manipulator/ros2_ws/install/manipulator_description/share/manipulator_description/environment/ament_prefix_path.dsv
-- Symlinking: /home/robo/robo/ya_robot_manipulator/ros2_ws/install/manipulator_description/share/manipulator_description/environment/path.sh
-- Symlinking: /home/robo/robo/ya_robot_manipulator/ros2_ws/install/manipulator_description/share/manipulator_description/environment/path.dsv
-- Symlinking: /home/robo/robo/ya_robot_manipulator/ros2_ws/install/manipulator_description/share/manipulator_description/local_setup.bash
-- Symlinking: /home/robo/robo/ya_robot_manipulator/ros2_ws/install/manipulator_description/share/manipulator_description/local_setup.sh
-- Symlinking: /home/robo/robo/ya_robot_manipulator/ros2_ws/install/manipulator_description/share/manipulator_description/local_setup.zsh
-- Symlinking: /home/robo/robo/ya_robot_manipulator/ros2_ws/install/manipulator_description/share/manipulator_description/local_setup.dsv
-- Symlinking: /home/robo/robo/ya_robot_manipulator/ros2_ws/install/manipulator_description/share/manipulator_description/package.dsv
-- Symlinking: /home/robo/robo/ya_robot_manipulator/ros2_ws/install/manipulator_description/share/ament_index/resource_index/packages/manipulator_description
-- Symlinking: /home/robo/robo/ya_robot_manipulator/ros2_ws/install/manipulator_description/share/manipulator_description/cmake/manipulator_descriptionConfig.cmake
-- Symlinking: /home/robo/robo/ya_robot_manipulator/ros2_ws/install/manipulator_description/share/manipulator_description/cmake/manipulator_descriptionConfig-version.cmake
-- Symlinking: /home/robo/robo/ya_robot_manipulator/ros2_ws/install/manipulator_description/share/manipulator_description/package.xml
