[0.015s] Invoking command in '/home/robo/robo/ya_robot_manipulator/ros2_ws/build/manipulator_description': CMAKE_PREFIX_PATH=${CMAKE_PREFIX_PATH}:/opt/ros/jazzy DEBUGINFOD_URLS=https://debuginfod.ubuntu.com /usr/bin/cmake /home/robo/robo/ya_robot_manipulator/ros2_ws/src/manipulator_description -DAMENT_CMAKE_SYMLINK_INSTALL=1 -DCMAKE_INSTALL_PREFIX=/home/robo/robo/ya_robot_manipulator/ros2_ws/install/manipulator_description
[0.210s] -- The C compiler identification is GNU 13.3.0
[0.404s] -- The CXX compiler identification is GNU 13.3.0
[0.468s] -- Detecting C compiler ABI info
[0.707s] -- Detecting C compiler ABI info - done
[0.731s] -- Check for working C compiler: /usr/bin/cc - skipped
[0.734s] -- Detecting C compile features
[0.736s] -- Detecting C compile features - done
[0.764s] -- Detecting CXX compiler ABI info
[1.026s] -- Detecting CXX compiler ABI info - done
[1.058s] -- Check for working CXX compiler: /usr/bin/c++ - skipped
[1.058s] -- Detecting CXX compile features
[1.060s] -- Detecting CXX compile features - done
[1.090s] -- Found ament_cmake: 2.5.4 (/opt/ros/jazzy/share/ament_cmake/cmake)
[1.494s] -- Found Python3: /usr/bin/python3 (found version "3.12.3") found components: Interpreter 
[1.642s] -- Override CMake install command with custom implementation using symlinks instead of copying resources
[1.715s] -- Found urdf: 2.10.0 (/opt/ros/jazzy/share/urdf/cmake)
[1.812s] -- Found TinyXML2 via Config file: /usr/lib/x86_64-linux-gnu/cmake/tinyxml2
[1.852s] -- Found xacro: 2.1.1 (/opt/ros/jazzy/share/xacro/cmake)
[1.861s] -- Found ament_lint_auto: 0.17.3 (/opt/ros/jazzy/share/ament_lint_auto/cmake)
[2.103s] -- Added test 'flake8' to check Python code syntax and style conventions
[2.104s] -- Configured 'flake8' exclude dirs and/or files: 
[2.105s] -- Added test 'lint_cmake' to check CMake code style
[2.106s] -- Added test 'pep257' to check Python code against some of the docstring style conventions in PEP 257
[2.109s] -- Added test 'xmllint' to check XML markup files
[2.112s] -- Configuring done (2.1s)
[2.116s] -- Generating done (0.0s)
[2.118s] -- Build files have been written to: /home/robo/robo/ya_robot_manipulator/ros2_ws/build/manipulator_description
[2.128s] Invoked command in '/home/robo/robo/ya_robot_manipulator/ros2_ws/build/manipulator_description' returned '0': CMAKE_PREFIX_PATH=${CMAKE_PREFIX_PATH}:/opt/ros/jazzy DEBUGINFOD_URLS=https://debuginfod.ubuntu.com /usr/bin/cmake /home/robo/robo/ya_robot_manipulator/ros2_ws/src/manipulator_description -DAMENT_CMAKE_SYMLINK_INSTALL=1 -DCMAKE_INSTALL_PREFIX=/home/robo/robo/ya_robot_manipulator/ros2_ws/install/manipulator_description
[2.130s] Invoking command in '/home/robo/robo/ya_robot_manipulator/ros2_ws/build/manipulator_description': CMAKE_PREFIX_PATH=${CMAKE_PREFIX_PATH}:/opt/ros/jazzy DEBUGINFOD_URLS=https://debuginfod.ubuntu.com /usr/bin/cmake --build /home/robo/robo/ya_robot_manipulator/ros2_ws/build/manipulator_description -- -j20 -l20
[2.210s] Invoked command in '/home/robo/robo/ya_robot_manipulator/ros2_ws/build/manipulator_description' returned '0': CMAKE_PREFIX_PATH=${CMAKE_PREFIX_PATH}:/opt/ros/jazzy DEBUGINFOD_URLS=https://debuginfod.ubuntu.com /usr/bin/cmake --build /home/robo/robo/ya_robot_manipulator/ros2_ws/build/manipulator_description -- -j20 -l20
[2.234s] Invoking command in '/home/robo/robo/ya_robot_manipulator/ros2_ws/build/manipulator_description': CMAKE_PREFIX_PATH=${CMAKE_PREFIX_PATH}:/opt/ros/jazzy DEBUGINFOD_URLS=https://debuginfod.ubuntu.com /usr/bin/cmake --install /home/robo/robo/ya_robot_manipulator/ros2_ws/build/manipulator_description
[2.253s] -- Install configuration: ""
[2.254s] -- Execute custom install script
[2.255s] -- Symlinking: /home/robo/robo/ya_robot_manipulator/ros2_ws/install/manipulator_description/share/manipulator_description/urdf/box_placement_frames.urdf.xacro
[2.272s] -- Symlinking: /home/robo/robo/ya_robot_manipulator/ros2_ws/install/manipulator_description/share/manipulator_description/urdf/cabinet.urdf.xacro
[2.290s] -- Symlinking: /home/robo/robo/ya_robot_manipulator/ros2_ws/install/manipulator_description/share/manipulator_description/urdf/cabinet_row.urdf.xacro
[2.309s] -- Symlinking: /home/robo/robo/ya_robot_manipulator/ros2_ws/install/manipulator_description/share/manipulator_description/urdf/materials.xacro
[2.327s] -- Symlinking: /home/robo/robo/ya_robot_manipulator/ros2_ws/install/manipulator_description/share/manipulator_description/urdf/robot.urdf.xacro
[2.350s] -- Symlinking: /home/robo/robo/ya_robot_manipulator/ros2_ws/install/manipulator_description/share/manipulator_description/urdf/storage_system.urdf.xacro
[2.368s] -- Symlinking: /home/robo/robo/ya_robot_manipulator/ros2_ws/install/manipulator_description/share/manipulator_description/config/storage_params.yaml
[2.388s] -- Symlinking: /home/robo/robo/ya_robot_manipulator/ros2_ws/install/manipulator_description/share/manipulator_description/launch/display.launch.py
[2.406s] -- Symlinking: /home/robo/robo/ya_robot_manipulator/ros2_ws/install/manipulator_description/share/manipulator_description/rviz/view_robot.rviz
[2.424s] -- Symlinking: /home/robo/robo/ya_robot_manipulator/ros2_ws/install/manipulator_description/share/ament_index/resource_index/package_run_dependencies/manipulator_description
[2.446s] -- Symlinking: /home/robo/robo/ya_robot_manipulator/ros2_ws/install/manipulator_description/share/ament_index/resource_index/parent_prefix_path/manipulator_description
[2.466s] -- Symlinking: /home/robo/robo/ya_robot_manipulator/ros2_ws/install/manipulator_description/share/manipulator_description/environment/ament_prefix_path.sh
[2.484s] -- Symlinking: /home/robo/robo/ya_robot_manipulator/ros2_ws/install/manipulator_description/share/manipulator_description/environment/ament_prefix_path.dsv
[2.504s] -- Symlinking: /home/robo/robo/ya_robot_manipulator/ros2_ws/install/manipulator_description/share/manipulator_description/environment/path.sh
[2.523s] -- Symlinking: /home/robo/robo/ya_robot_manipulator/ros2_ws/install/manipulator_description/share/manipulator_description/environment/path.dsv
[2.547s] -- Symlinking: /home/robo/robo/ya_robot_manipulator/ros2_ws/install/manipulator_description/share/manipulator_description/local_setup.bash
[2.566s] -- Symlinking: /home/robo/robo/ya_robot_manipulator/ros2_ws/install/manipulator_description/share/manipulator_description/local_setup.sh
[2.585s] -- Symlinking: /home/robo/robo/ya_robot_manipulator/ros2_ws/install/manipulator_description/share/manipulator_description/local_setup.zsh
[2.603s] -- Symlinking: /home/robo/robo/ya_robot_manipulator/ros2_ws/install/manipulator_description/share/manipulator_description/local_setup.dsv
[2.621s] -- Symlinking: /home/robo/robo/ya_robot_manipulator/ros2_ws/install/manipulator_description/share/manipulator_description/package.dsv
[2.644s] -- Symlinking: /home/robo/robo/ya_robot_manipulator/ros2_ws/install/manipulator_description/share/ament_index/resource_index/packages/manipulator_description
[2.666s] -- Symlinking: /home/robo/robo/ya_robot_manipulator/ros2_ws/install/manipulator_description/share/manipulator_description/cmake/manipulator_descriptionConfig.cmake
[2.685s] -- Symlinking: /home/robo/robo/ya_robot_manipulator/ros2_ws/install/manipulator_description/share/manipulator_description/cmake/manipulator_descriptionConfig-version.cmake
[2.703s] -- Symlinking: /home/robo/robo/ya_robot_manipulator/ros2_ws/install/manipulator_description/share/manipulator_description/package.xml
[2.727s] Invoked command in '/home/robo/robo/ya_robot_manipulator/ros2_ws/build/manipulator_description' returned '0': CMAKE_PREFIX_PATH=${CMAKE_PREFIX_PATH}:/opt/ros/jazzy DEBUGINFOD_URLS=https://debuginfod.ubuntu.com /usr/bin/cmake --install /home/robo/robo/ya_robot_manipulator/ros2_ws/build/manipulator_description
