[0.021s] Invoking command in '/home/robo/robo/ya_robot_manipulator/ros2_ws/build/manipulator_description': CMAKE_PREFIX_PATH=${CMAKE_PREFIX_PATH}:/opt/ros/jazzy DEBUGINFOD_URLS=https://debuginfod.ubuntu.com /usr/bin/cmake --build /home/robo/robo/ya_robot_manipulator/ros2_ws/build/manipulator_description -- -j20 -l20
[0.121s] Invoked command in '/home/robo/robo/ya_robot_manipulator/ros2_ws/build/manipulator_description' returned '0': CMAKE_PREFIX_PATH=${CMAKE_PREFIX_PATH}:/opt/ros/jazzy DEBUGINFOD_URLS=https://debuginfod.ubuntu.com /usr/bin/cmake --build /home/robo/robo/ya_robot_manipulator/ros2_ws/build/manipulator_description -- -j20 -l20
[0.152s] Invoking command in '/home/robo/robo/ya_robot_manipulator/ros2_ws/build/manipulator_description': CMAKE_PREFIX_PATH=${CMAKE_PREFIX_PATH}:/opt/ros/jazzy DEBUGINFOD_URLS=https://debuginfod.ubuntu.com /usr/bin/cmake --install /home/robo/robo/ya_robot_manipulator/ros2_ws/build/manipulator_description
[0.171s] -- Install configuration: ""
[0.171s] -- Execute custom install script
[0.172s] -- Up-to-date symlink: /home/robo/robo/ya_robot_manipulator/ros2_ws/install/manipulator_description/share/manipulator_description/urdf/box_placement_frames.urdf.xacro
[0.173s] -- Up-to-date symlink: /home/robo/robo/ya_robot_manipulator/ros2_ws/install/manipulator_description/share/manipulator_description/urdf/cabinet.urdf.xacro
[0.173s] -- Up-to-date symlink: /home/robo/robo/ya_robot_manipulator/ros2_ws/install/manipulator_description/share/manipulator_description/urdf/cabinet_row.urdf.xacro
[0.174s] -- Up-to-date symlink: /home/robo/robo/ya_robot_manipulator/ros2_ws/install/manipulator_description/share/manipulator_description/urdf/materials.xacro
[0.174s] -- Up-to-date symlink: /home/robo/robo/ya_robot_manipulator/ros2_ws/install/manipulator_description/share/manipulator_description/urdf/robot.urdf.xacro
[0.174s] -- Up-to-date symlink: /home/robo/robo/ya_robot_manipulator/ros2_ws/install/manipulator_description/share/manipulator_description/urdf/storage_system.urdf.xacro
[0.174s] -- Up-to-date symlink: /home/robo/robo/ya_robot_manipulator/ros2_ws/install/manipulator_description/share/manipulator_description/config/storage_params.yaml
[0.175s] -- Up-to-date symlink: /home/robo/robo/ya_robot_manipulator/ros2_ws/install/manipulator_description/share/manipulator_description/launch/display.launch.py
[0.175s] -- Up-to-date symlink: /home/robo/robo/ya_robot_manipulator/ros2_ws/install/manipulator_description/share/manipulator_description/rviz/view_robot.rviz
[0.175s] -- Up-to-date symlink: /home/robo/robo/ya_robot_manipulator/ros2_ws/install/manipulator_description/share/ament_index/resource_index/package_run_dependencies/manipulator_description
[0.176s] -- Up-to-date symlink: /home/robo/robo/ya_robot_manipulator/ros2_ws/install/manipulator_description/share/ament_index/resource_index/parent_prefix_path/manipulator_description
[0.176s] -- Up-to-date symlink: /home/robo/robo/ya_robot_manipulator/ros2_ws/install/manipulator_description/share/manipulator_description/environment/ament_prefix_path.sh
[0.176s] -- Up-to-date symlink: /home/robo/robo/ya_robot_manipulator/ros2_ws/install/manipulator_description/share/manipulator_description/environment/ament_prefix_path.dsv
[0.176s] -- Up-to-date symlink: /home/robo/robo/ya_robot_manipulator/ros2_ws/install/manipulator_description/share/manipulator_description/environment/path.sh
[0.177s] -- Up-to-date symlink: /home/robo/robo/ya_robot_manipulator/ros2_ws/install/manipulator_description/share/manipulator_description/environment/path.dsv
[0.177s] -- Up-to-date symlink: /home/robo/robo/ya_robot_manipulator/ros2_ws/install/manipulator_description/share/manipulator_description/local_setup.bash
[0.177s] -- Up-to-date symlink: /home/robo/robo/ya_robot_manipulator/ros2_ws/install/manipulator_description/share/manipulator_description/local_setup.sh
[0.177s] -- Up-to-date symlink: /home/robo/robo/ya_robot_manipulator/ros2_ws/install/manipulator_description/share/manipulator_description/local_setup.zsh
[0.178s] -- Up-to-date symlink: /home/robo/robo/ya_robot_manipulator/ros2_ws/install/manipulator_description/share/manipulator_description/local_setup.dsv
[0.178s] -- Symlinking: /home/robo/robo/ya_robot_manipulator/ros2_ws/install/manipulator_description/share/manipulator_description/package.dsv
[0.197s] -- Up-to-date symlink: /home/robo/robo/ya_robot_manipulator/ros2_ws/install/manipulator_description/share/ament_index/resource_index/packages/manipulator_description
[0.197s] -- Up-to-date symlink: /home/robo/robo/ya_robot_manipulator/ros2_ws/install/manipulator_description/share/manipulator_description/cmake/manipulator_descriptionConfig.cmake
[0.197s] -- Up-to-date symlink: /home/robo/robo/ya_robot_manipulator/ros2_ws/install/manipulator_description/share/manipulator_description/cmake/manipulator_descriptionConfig-version.cmake
[0.198s] -- Up-to-date symlink: /home/robo/robo/ya_robot_manipulator/ros2_ws/install/manipulator_description/share/manipulator_description/package.xml
[0.201s] Invoked command in '/home/robo/robo/ya_robot_manipulator/ros2_ws/build/manipulator_description' returned '0': CMAKE_PREFIX_PATH=${CMAKE_PREFIX_PATH}:/opt/ros/jazzy DEBUGINFOD_URLS=https://debuginfod.ubuntu.com /usr/bin/cmake --install /home/robo/robo/ya_robot_manipulator/ros2_ws/build/manipulator_description
